/softs/python/3.8.5/lib/python3.8/site-packages/sklearn/preprocessing/_data.py:2995: RuntimeWarning: divide by zero encountered in log
  loglike = -n_samples / 2 * np.log(x_trans.var())
{'algorithm': 'ball_tree', 'leaf_size': 1, 'n_jobs': -1, 'n_neighbors': 4, 'p': 2, 'weights': 'distance'}
0.8359502486789859
0.9297037929322487
{'algorithm': 'ball_tree', 'leaf_size': 1, 'n_jobs': -1, 'n_neighbors': 4, 'p': 2, 'weights': 'distance'}
0.8359502486789859
0.9157160128795327
{'algorithm': 'ball_tree', 'leaf_size': 1, 'n_jobs': -1, 'n_neighbors': 4, 'p': 2, 'weights': 'distance'}
0.8359502486789859
0.9166574108492711
{'algorithm': 'ball_tree', 'leaf_size': 1, 'n_jobs': -1, 'n_neighbors': 4, 'p': 2, 'weights': 'distance'}
0.8359502486789859
0.9210626022162641
{'algorithm': 'ball_tree', 'leaf_size': 1, 'n_jobs': -1, 'n_neighbors': 4, 'p': 2, 'weights': 'distance'}
0.8359502486789859
0.9413947426957193
{'algorithm': 'ball_tree', 'leaf_size': 1, 'n_jobs': -1, 'n_neighbors': 4, 'p': 2, 'weights': 'distance'}
0.8359502486789859
0.9420159864961114
{'algorithm': 'ball_tree', 'leaf_size': 1, 'n_jobs': -1, 'n_neighbors': 4, 'p': 2, 'weights': 'distance'}
0.8359502486789859
0.9311533942888186
{'algorithm': 'ball_tree', 'leaf_size': 1, 'n_jobs': -1, 'n_neighbors': 4, 'p': 2, 'weights': 'distance'}
0.8359502486789859
0.8145073693531539
End computation
