/softs/python/3.8.5/lib/python3.8/site-packages/sklearn/preprocessing/_data.py:2995: RuntimeWarning: divide by zero encountered in log
  loglike = -n_samples / 2 * np.log(x_trans.var())
{'algorithm': 'ball_tree', 'leaf_size': 1, 'n_jobs': -1, 'n_neighbors': 4, 'p': 2, 'weights': 'distance'}
0.8359502486789859
0.870590084143408
{'algorithm': 'ball_tree', 'leaf_size': 1, 'n_jobs': -1, 'n_neighbors': 4, 'p': 2, 'weights': 'distance'}
0.8359502486789859
0.8500885673447816
{'algorithm': 'ball_tree', 'leaf_size': 1, 'n_jobs': -1, 'n_neighbors': 4, 'p': 2, 'weights': 'distance'}
0.8359502486789859
0.8507098076009205
{'algorithm': 'ball_tree', 'leaf_size': 1, 'n_jobs': -1, 'n_neighbors': 4, 'p': 2, 'weights': 'distance'}
0.8359502486789859
0.909936454019977
{'algorithm': 'ball_tree', 'leaf_size': 1, 'n_jobs': -1, 'n_neighbors': 4, 'p': 2, 'weights': 'distance'}
0.8359502486789859
0.8749012216615686
{'algorithm': 'ball_tree', 'leaf_size': 1, 'n_jobs': -1, 'n_neighbors': 4, 'p': 2, 'weights': 'distance'}
0.8359502486789859
0.8882488688161286
{'algorithm': 'ball_tree', 'leaf_size': 1, 'n_jobs': -1, 'n_neighbors': 4, 'p': 2, 'weights': 'distance'}
0.8359502486789859
0.8465681048821097
{'algorithm': 'ball_tree', 'leaf_size': 1, 'n_jobs': -1, 'n_neighbors': 4, 'p': 2, 'weights': 'distance'}
0.8359502486789859
0.8142061503568637
End computation
