[0.08963359 0.04301965 0.03106848 0.01958062 0.01481655 0.01446388
 0.01275278 0.01104676 0.0083302  0.00717338 0.00599618 0.00561229
 0.00492866 0.00460754 0.00431955 0.00410091 0.00384325 0.00372476
 0.00369036 0.00364707 0.00356581 0.00351526 0.00345363 0.00340132
 0.00338652 0.00332841 0.00329996 0.00326493 0.00323725 0.00321705
 0.00319364 0.00316691 0.00315228 0.00313154 0.00312755 0.00308558
 0.00306478 0.00305044 0.00303827 0.00300399 0.00299587 0.00295801
 0.00295185 0.00291646 0.00290621 0.00289163 0.00286341 0.00285294
 0.00282968 0.00281218 0.00278167 0.00276499 0.002757   0.00271459
 0.00267978 0.00265449 0.00261104 0.00255777 0.00236772 0.00194692
 0.00184808 0.00178909 0.00171644 0.00168223 0.00164845 0.00163071
 0.00161619 0.00159292 0.0015671  0.00155056 0.00152946 0.00152237
 0.00150156 0.00146732 0.00146503 0.00144487 0.0014311  0.00141358
 0.00141114 0.00139274 0.0013828  0.00137316 0.00136351 0.00136057
 0.00134971 0.00134235 0.00133061 0.00132181 0.00131442 0.0013126
 0.00130051 0.00128607 0.0012737  0.00126088 0.00125905 0.00124751
 0.0012453  0.00124021 0.00123692 0.00122814]
{'C': 2.4999999999999996, 'gamma': 'auto', 'kernel': 'rbf'}
0.8500885319022489
0.9436726324955286
End computation
