[0.08963359 0.04301965 0.03106848 0.01958062 0.01481655 0.01446388
 0.01275278 0.01104676 0.0083302  0.00717338 0.00599618 0.00561229
 0.00492867 0.00460756 0.00431958 0.00410103 0.00384338 0.0037245
 0.00369033 0.00364696 0.00356507 0.00351507 0.00345311 0.00340091
 0.00338628 0.00332879 0.00329933 0.00326518 0.00323699 0.003217
 0.00319397 0.00316623 0.00315136 0.00313285 0.00312934 0.00308521
 0.00306262 0.0030503  0.00303734 0.0030058  0.00299519 0.00295941
 0.00295162 0.00291579 0.00290829 0.00289002 0.00286638 0.00285169
 0.00282674 0.00281044 0.00278128 0.00276695 0.00275779 0.00271515
 0.00267801 0.00265559 0.00260537 0.00256386 0.00237082 0.00192922
 0.00182426 0.001795   0.00169226 0.00167554 0.00167236 0.00163203
 0.00161509 0.00158771 0.00155936 0.00154285 0.00152519 0.00151904
 0.0014958  0.00147745 0.00146045 0.00143877 0.00143027 0.00142572
 0.00139549 0.00139138 0.00138755 0.00137298 0.00135815 0.00135113
 0.00134555 0.00133378 0.00131335 0.0013077  0.00129312 0.00129175
 0.00128727 0.00127658 0.00127154 0.00126403 0.00125802 0.00124541
 0.00124351 0.0012329  0.00121937 0.001209  ]
{'kernel': 'rbf'}
0.756918550720816
0.9151136298228779
End computation
