[0.08963359 0.04301965 0.03106848 0.01958062 0.01481655 0.01446388
 0.01275278 0.01104676 0.0083302  0.00717338 0.00599618 0.00561228
 0.00492865 0.00460754 0.00431948 0.00410095 0.00384345 0.00372471
 0.00368997 0.00364691 0.00356566 0.00351515 0.00345279 0.00340144
 0.00338635 0.00332925 0.00329974 0.00326544 0.00323598 0.00321643
 0.00319415 0.00316647 0.0031517  0.00313245 0.00312963 0.00308489
 0.00306505 0.00304992 0.00303697 0.00300634 0.00299619 0.00295636
 0.00295062 0.00291368 0.00290727 0.00289184 0.00286657 0.00285211
 0.00282775 0.00281072 0.00278133 0.00276624 0.00275731 0.00271333
 0.00268078 0.00265421 0.0026083  0.00256467 0.00236813 0.00194493
 0.00184203 0.00179446 0.00173702 0.0016856  0.00165147 0.00162037
 0.00160591 0.00157693 0.00154781 0.00152817 0.00150424 0.00149972
 0.0014757  0.00145479 0.0014494  0.00144145 0.00141741 0.00140567
 0.00140228 0.00139487 0.00138138 0.00137193 0.00136869 0.00136183
 0.00134074 0.00133721 0.00132441 0.00131845 0.00131086 0.00128942
 0.00127663 0.00127073 0.00126515 0.00126158 0.00125578 0.00124667
 0.00123611 0.00122468 0.00121408 0.00120522]
/softs/python/3.8.5/lib/python3.8/site-packages/sklearn/svm/_base.py:976: ConvergenceWarning: Liblinear failed to converge, increase the number of iterations.
  warnings.warn("Liblinear failed to converge, increase "
/softs/python/3.8.5/lib/python3.8/site-packages/sklearn/svm/_base.py:976: ConvergenceWarning: Liblinear failed to converge, increase the number of iterations.
  warnings.warn("Liblinear failed to converge, increase "
/softs/python/3.8.5/lib/python3.8/site-packages/sklearn/svm/_base.py:976: ConvergenceWarning: Liblinear failed to converge, increase the number of iterations.
  warnings.warn("Liblinear failed to converge, increase "
/softs/python/3.8.5/lib/python3.8/site-packages/sklearn/svm/_base.py:976: ConvergenceWarning: Liblinear failed to converge, increase the number of iterations.
  warnings.warn("Liblinear failed to converge, increase "
/softs/python/3.8.5/lib/python3.8/site-packages/sklearn/svm/_base.py:976: ConvergenceWarning: Liblinear failed to converge, increase the number of iterations.
  warnings.warn("Liblinear failed to converge, increase "
/softs/python/3.8.5/lib/python3.8/site-packages/sklearn/svm/_base.py:976: ConvergenceWarning: Liblinear failed to converge, increase the number of iterations.
  warnings.warn("Liblinear failed to converge, increase "
/softs/python/3.8.5/lib/python3.8/site-packages/sklearn/svm/_base.py:976: ConvergenceWarning: Liblinear failed to converge, increase the number of iterations.
  warnings.warn("Liblinear failed to converge, increase "
/softs/python/3.8.5/lib/python3.8/site-packages/sklearn/svm/_base.py:976: ConvergenceWarning: Liblinear failed to converge, increase the number of iterations.
  warnings.warn("Liblinear failed to converge, increase "
/softs/python/3.8.5/lib/python3.8/site-packages/sklearn/svm/_base.py:976: ConvergenceWarning: Liblinear failed to converge, increase the number of iterations.
  warnings.warn("Liblinear failed to converge, increase "
/softs/python/3.8.5/lib/python3.8/site-packages/sklearn/svm/_base.py:976: ConvergenceWarning: Liblinear failed to converge, increase the number of iterations.
  warnings.warn("Liblinear failed to converge, increase "
/softs/python/3.8.5/lib/python3.8/site-packages/sklearn/svm/_base.py:976: ConvergenceWarning: Liblinear failed to converge, increase the number of iterations.
  warnings.warn("Liblinear failed to converge, increase "
/softs/python/3.8.5/lib/python3.8/site-packages/sklearn/svm/_base.py:976: ConvergenceWarning: Liblinear failed to converge, increase the number of iterations.
  warnings.warn("Liblinear failed to converge, increase "
/softs/python/3.8.5/lib/python3.8/site-packages/sklearn/svm/_base.py:976: ConvergenceWarning: Liblinear failed to converge, increase the number of iterations.
  warnings.warn("Liblinear failed to converge, increase "
/softs/python/3.8.5/lib/python3.8/site-packages/sklearn/svm/_base.py:976: ConvergenceWarning: Liblinear failed to converge, increase the number of iterations.
  warnings.warn("Liblinear failed to converge, increase "
/softs/python/3.8.5/lib/python3.8/site-packages/sklearn/svm/_base.py:976: ConvergenceWarning: Liblinear failed to converge, increase the number of iterations.
  warnings.warn("Liblinear failed to converge, increase "
/softs/python/3.8.5/lib/python3.8/site-packages/sklearn/svm/_base.py:976: ConvergenceWarning: Liblinear failed to converge, increase the number of iterations.
  warnings.warn("Liblinear failed to converge, increase "
/softs/python/3.8.5/lib/python3.8/site-packages/sklearn/svm/_base.py:976: ConvergenceWarning: Liblinear failed to converge, increase the number of iterations.
  warnings.warn("Liblinear failed to converge, increase "
/softs/python/3.8.5/lib/python3.8/site-packages/sklearn/svm/_base.py:976: ConvergenceWarning: Liblinear failed to converge, increase the number of iterations.
  warnings.warn("Liblinear failed to converge, increase "
/softs/python/3.8.5/lib/python3.8/site-packages/sklearn/svm/_base.py:976: ConvergenceWarning: Liblinear failed to converge, increase the number of iterations.
  warnings.warn("Liblinear failed to converge, increase "
/softs/python/3.8.5/lib/python3.8/site-packages/sklearn/svm/_base.py:976: ConvergenceWarning: Liblinear failed to converge, increase the number of iterations.
  warnings.warn("Liblinear failed to converge, increase "
/softs/python/3.8.5/lib/python3.8/site-packages/sklearn/svm/_base.py:976: ConvergenceWarning: Liblinear failed to converge, increase the number of iterations.
  warnings.warn("Liblinear failed to converge, increase "
/softs/python/3.8.5/lib/python3.8/site-packages/sklearn/svm/_base.py:976: ConvergenceWarning: Liblinear failed to converge, increase the number of iterations.
  warnings.warn("Liblinear failed to converge, increase "
/softs/python/3.8.5/lib/python3.8/site-packages/sklearn/svm/_base.py:976: ConvergenceWarning: Liblinear failed to converge, increase the number of iterations.
  warnings.warn("Liblinear failed to converge, increase "
/softs/python/3.8.5/lib/python3.8/site-packages/sklearn/svm/_base.py:976: ConvergenceWarning: Liblinear failed to converge, increase the number of iterations.
  warnings.warn("Liblinear failed to converge, increase "
/softs/python/3.8.5/lib/python3.8/site-packages/sklearn/svm/_base.py:976: ConvergenceWarning: Liblinear failed to converge, increase the number of iterations.
  warnings.warn("Liblinear failed to converge, increase "
/softs/python/3.8.5/lib/python3.8/site-packages/sklearn/svm/_base.py:976: ConvergenceWarning: Liblinear failed to converge, increase the number of iterations.
  warnings.warn("Liblinear failed to converge, increase "
/softs/python/3.8.5/lib/python3.8/site-packages/sklearn/svm/_base.py:976: ConvergenceWarning: Liblinear failed to converge, increase the number of iterations.
  warnings.warn("Liblinear failed to converge, increase "
/softs/python/3.8.5/lib/python3.8/site-packages/sklearn/svm/_base.py:976: ConvergenceWarning: Liblinear failed to converge, increase the number of iterations.
  warnings.warn("Liblinear failed to converge, increase "
/softs/python/3.8.5/lib/python3.8/site-packages/sklearn/svm/_base.py:976: ConvergenceWarning: Liblinear failed to converge, increase the number of iterations.
  warnings.warn("Liblinear failed to converge, increase "
/softs/python/3.8.5/lib/python3.8/site-packages/sklearn/svm/_base.py:976: ConvergenceWarning: Liblinear failed to converge, increase the number of iterations.
  warnings.warn("Liblinear failed to converge, increase "
/softs/python/3.8.5/lib/python3.8/site-packages/sklearn/svm/_base.py:976: ConvergenceWarning: Liblinear failed to converge, increase the number of iterations.
  warnings.warn("Liblinear failed to converge, increase "
{'loss': 'hinge'}
0.5732204517023191
0.8112315223900403
End computation
