[0.08963359 0.04301965 0.03106848 0.01958062 0.01481655 0.01446388
 0.01275278 0.01104676 0.0083302  0.00717338 0.00599618 0.00561229
 0.00492866 0.00460748 0.00431958 0.00410103 0.00384351 0.0037248
 0.0036902  0.00364699 0.00356576 0.00351525 0.00345387 0.00340162
 0.00338649 0.00332845 0.0032992  0.00326456 0.00323666 0.00321679
 0.00319412 0.00316751 0.00315191 0.00313195 0.00312959 0.00308458
 0.00306442 0.00304701 0.00303708 0.00300521 0.00299648 0.00295805
 0.00295266 0.0029145  0.00290731 0.002891   0.00286633 0.0028527
 0.00282946 0.00280926 0.00278216 0.00276651 0.00275466 0.00271194
 0.0026773  0.00265646 0.0026103  0.00256063 0.00237264 0.00194849
 0.00184304 0.00179178 0.00172457 0.00168061 0.00163128 0.00161738
 0.00160363 0.00156774 0.00156067 0.00154659 0.00152604 0.00151048
 0.00146439 0.00144851 0.00144259 0.00142948 0.00142295 0.00141711
 0.00140326 0.00139334 0.00136801 0.00136399 0.00135716 0.00134493
 0.00134039 0.00133147 0.00131516 0.0013135  0.00130727 0.00130512
 0.00129596 0.00128011 0.0012776  0.0012627  0.00125905 0.00124735
 0.00123522 0.00122938 0.00122627 0.00121568]
{'algorithm': 'ball_tree', 'leaf_size': 1, 'n_jobs': -1, 'n_neighbors': 4, 'p': 2, 'weights': 'distance'}
0.8359502486789859
0.9287247780305068
End computation
