[0.08963359 0.04301965 0.03106848 0.01958062 0.01481655 0.01446388
 0.01275278 0.01104676 0.0083302  0.00717338 0.00599619 0.00561231
 0.00492872 0.00460763 0.00431969 0.00410116 0.00384385 0.00372527
 0.00369065 0.00364755 0.00356641 0.00351595 0.00345444 0.00340225
 0.00338749 0.00332985 0.00330087 0.00326619 0.00323845 0.0032183
 0.00319541 0.00316866 0.00315383 0.00313373 0.00313079 0.00308673
 0.0030661  0.00305233 0.00303967 0.00300756 0.00299794 0.00296106
 0.00295417 0.00291887 0.00291083 0.00289409 0.00286879 0.00285519
 0.00283312 0.00281546 0.00278511 0.00276996 0.00276076 0.00271869
 0.00268384 0.00266007 0.00261583 0.00256912 0.00238319 0.00197214
 0.0018902  0.00183736 0.00177332 0.00174009 0.00172288 0.00169905
 0.0016676  0.00163879 0.00163268 0.00162647 0.00160334 0.00157636
 0.00157225 0.00154577 0.00152276 0.00151856 0.00150393 0.00149708
 0.00149383 0.00148903 0.00147821 0.00146724 0.00146096 0.00145575
 0.00144754 0.00143876 0.00142818 0.00142326 0.00141544 0.00140602
 0.00140264 0.00139136 0.0013855  0.00137908 0.00137503 0.00136565
 0.00136337 0.00135384 0.00134754 0.00134616 0.00134199 0.001335
 0.00133011 0.00131987 0.0013185  0.00131238 0.00130748 0.00130587
 0.00129954 0.00129418 0.00128899 0.00128389 0.00127948 0.00127528
 0.00126957 0.00126935 0.00126372 0.00126082 0.00125404 0.00124816
 0.00124576 0.00124105 0.00123745 0.00123325 0.00123059 0.00122511
 0.00122258 0.00121848 0.00121477 0.00121346 0.00120776 0.00120523
 0.00120121 0.00119845 0.00119237 0.00119021 0.00118637 0.00118292
 0.00118105 0.00117545 0.00117433 0.00117311 0.0011693  0.00116364
 0.00115874 0.00115833 0.0011549  0.00115117 0.00114505 0.00114335
 0.00113838 0.00113692 0.00113337 0.00113238 0.0011314  0.00112876
 0.00112661 0.00112311 0.00111957 0.00111796 0.00111431 0.00111171
 0.00111064 0.00110757 0.00110531 0.00110431 0.00109844 0.00109589
 0.00109293 0.00108986 0.00108603 0.00108399 0.00107878 0.00107637
 0.00107579 0.00107026 0.00106849 0.00106606 0.00106263 0.00106132
 0.00105595 0.00105402 0.00105262 0.00104703 0.00104599 0.00104229
 0.00103996 0.00103657 0.00103311 0.0010309  0.00103057 0.00102603
 0.00102308 0.00102048 0.00101629 0.00101418 0.00101006 0.00100609
 0.00099998 0.0009976 ]
{'algorithm': 'ball_tree', 'leaf_size': 1, 'n_jobs': -1, 'n_neighbors': 4, 'p': 2, 'weights': 'distance'}
0.8359502486789859
0.9272186989981955
End computation
