[0.08963359 0.04301965 0.03106848 0.01958062 0.01481655 0.01446388
 0.01275278 0.01104676 0.0083302  0.00717338 0.00599618 0.00561227
 0.00492868 0.00460756 0.00431947 0.00410095 0.00384338 0.00372491
 0.00369007 0.00364703 0.00356584 0.0035153  0.0034535  0.00340094
 0.00338648 0.00332838 0.00329968 0.00326456 0.00323657 0.00321646
 0.00319412 0.0031677  0.00315172 0.00313249 0.00312888 0.00308522
 0.00306442 0.00304941 0.00303793 0.00300548 0.00299591 0.00295778
 0.00295199 0.0029155  0.00290921 0.00289021 0.00286497 0.00285277
 0.00282979 0.00281154 0.00278122 0.00276391 0.0027561  0.00271586
 0.00267877 0.00265121 0.00260991 0.00256151 0.0023714  0.00194742
 0.00185644 0.00178356 0.00174004 0.00167423 0.00166561 0.00163856
 0.00159917 0.00158475 0.00156573 0.00155506 0.00154116 0.00151626
 0.00150203 0.00147    0.00145304 0.00144442 0.00143187 0.00141577
 0.0014039  0.00139372 0.00138547 0.00137632 0.00136452 0.00134376
 0.00133235 0.00132567 0.00131808 0.0013106  0.00130217 0.00129413
 0.00128863 0.00128176 0.00127097 0.00125761 0.00125488 0.00124908
 0.0012406  0.00122986 0.00122415 0.00121771]
{'C': 1.9000000000000004, 'gamma': 'auto', 'kernel': 'rbf'}
0.8500132200646698
0.9437291385252958
End computation
