/softs/python/3.8.5/lib/python3.8/site-packages/sklearn/preprocessing/_data.py:2995: RuntimeWarning: divide by zero encountered in log
  loglike = -n_samples / 2 * np.log(x_trans.var())
{'activation': 'relu', 'hidden_layer_sizes': (1000, 1000, 1000), 'learning_rate': 'constant', 'max_iter': 500, 'solver': 'lbfgs'}
0.749538830626091
0.9380248117576206
/softs/python/3.8.5/lib/python3.8/site-packages/sklearn/neural_network/_multilayer_perceptron.py:471: ConvergenceWarning: lbfgs failed to converge (status=2):
ABNORMAL_TERMINATION_IN_LNSRCH.

Increase the number of iterations (max_iter) or scale the data as shown in:
    https://scikit-learn.org/stable/modules/preprocessing.html
  self.n_iter_ = _check_optimize_result("lbfgs", opt_res, self.max_iter)
/softs/python/3.8.5/lib/python3.8/site-packages/sklearn/neural_network/_multilayer_perceptron.py:471: ConvergenceWarning: lbfgs failed to converge (status=2):
ABNORMAL_TERMINATION_IN_LNSRCH.

Increase the number of iterations (max_iter) or scale the data as shown in:
    https://scikit-learn.org/stable/modules/preprocessing.html
  self.n_iter_ = _check_optimize_result("lbfgs", opt_res, self.max_iter)
/softs/python/3.8.5/lib/python3.8/site-packages/sklearn/neural_network/_multilayer_perceptron.py:471: ConvergenceWarning: lbfgs failed to converge (status=2):
ABNORMAL_TERMINATION_IN_LNSRCH.

Increase the number of iterations (max_iter) or scale the data as shown in:
    https://scikit-learn.org/stable/modules/preprocessing.html
  self.n_iter_ = _check_optimize_result("lbfgs", opt_res, self.max_iter)
/softs/python/3.8.5/lib/python3.8/site-packages/sklearn/neural_network/_multilayer_perceptron.py:471: ConvergenceWarning: lbfgs failed to converge (status=2):
ABNORMAL_TERMINATION_IN_LNSRCH.

Increase the number of iterations (max_iter) or scale the data as shown in:
    https://scikit-learn.org/stable/modules/preprocessing.html
  self.n_iter_ = _check_optimize_result("lbfgs", opt_res, self.max_iter)
/softs/python/3.8.5/lib/python3.8/site-packages/sklearn/neural_network/_multilayer_perceptron.py:471: ConvergenceWarning: lbfgs failed to converge (status=2):
ABNORMAL_TERMINATION_IN_LNSRCH.

Increase the number of iterations (max_iter) or scale the data as shown in:
    https://scikit-learn.org/stable/modules/preprocessing.html
  self.n_iter_ = _check_optimize_result("lbfgs", opt_res, self.max_iter)
{'activation': 'relu', 'hidden_layer_sizes': (1000, 1000, 1000), 'learning_rate': 'constant', 'max_iter': 500, 'solver': 'lbfgs'}
0.7467899095676691
0.9380248365673935
/softs/python/3.8.5/lib/python3.8/site-packages/sklearn/neural_network/_multilayer_perceptron.py:471: ConvergenceWarning: lbfgs failed to converge (status=2):
ABNORMAL_TERMINATION_IN_LNSRCH.

Increase the number of iterations (max_iter) or scale the data as shown in:
    https://scikit-learn.org/stable/modules/preprocessing.html
  self.n_iter_ = _check_optimize_result("lbfgs", opt_res, self.max_iter)
/softs/python/3.8.5/lib/python3.8/site-packages/sklearn/neural_network/_multilayer_perceptron.py:471: ConvergenceWarning: lbfgs failed to converge (status=2):
ABNORMAL_TERMINATION_IN_LNSRCH.

Increase the number of iterations (max_iter) or scale the data as shown in:
    https://scikit-learn.org/stable/modules/preprocessing.html
  self.n_iter_ = _check_optimize_result("lbfgs", opt_res, self.max_iter)
/softs/python/3.8.5/lib/python3.8/site-packages/sklearn/neural_network/_multilayer_perceptron.py:471: ConvergenceWarning: lbfgs failed to converge (status=2):
ABNORMAL_TERMINATION_IN_LNSRCH.

Increase the number of iterations (max_iter) or scale the data as shown in:
    https://scikit-learn.org/stable/modules/preprocessing.html
  self.n_iter_ = _check_optimize_result("lbfgs", opt_res, self.max_iter)
/softs/python/3.8.5/lib/python3.8/site-packages/sklearn/neural_network/_multilayer_perceptron.py:471: ConvergenceWarning: lbfgs failed to converge (status=2):
ABNORMAL_TERMINATION_IN_LNSRCH.

Increase the number of iterations (max_iter) or scale the data as shown in:
    https://scikit-learn.org/stable/modules/preprocessing.html
  self.n_iter_ = _check_optimize_result("lbfgs", opt_res, self.max_iter)
/softs/python/3.8.5/lib/python3.8/site-packages/sklearn/neural_network/_multilayer_perceptron.py:471: ConvergenceWarning: lbfgs failed to converge (status=2):
ABNORMAL_TERMINATION_IN_LNSRCH.

Increase the number of iterations (max_iter) or scale the data as shown in:
    https://scikit-learn.org/stable/modules/preprocessing.html
  self.n_iter_ = _check_optimize_result("lbfgs", opt_res, self.max_iter)
/softs/python/3.8.5/lib/python3.8/site-packages/sklearn/neural_network/_multilayer_perceptron.py:471: ConvergenceWarning: lbfgs failed to converge (status=2):
ABNORMAL_TERMINATION_IN_LNSRCH.

Increase the number of iterations (max_iter) or scale the data as shown in:
    https://scikit-learn.org/stable/modules/preprocessing.html
  self.n_iter_ = _check_optimize_result("lbfgs", opt_res, self.max_iter)
/softs/python/3.8.5/lib/python3.8/site-packages/sklearn/neural_network/_multilayer_perceptron.py:471: ConvergenceWarning: lbfgs failed to converge (status=2):
ABNORMAL_TERMINATION_IN_LNSRCH.

Increase the number of iterations (max_iter) or scale the data as shown in:
    https://scikit-learn.org/stable/modules/preprocessing.html
  self.n_iter_ = _check_optimize_result("lbfgs", opt_res, self.max_iter)
/softs/python/3.8.5/lib/python3.8/site-packages/sklearn/neural_network/_multilayer_perceptron.py:471: ConvergenceWarning: lbfgs failed to converge (status=2):
ABNORMAL_TERMINATION_IN_LNSRCH.

Increase the number of iterations (max_iter) or scale the data as shown in:
    https://scikit-learn.org/stable/modules/preprocessing.html
  self.n_iter_ = _check_optimize_result("lbfgs", opt_res, self.max_iter)
/softs/python/3.8.5/lib/python3.8/site-packages/sklearn/neural_network/_multilayer_perceptron.py:471: ConvergenceWarning: lbfgs failed to converge (status=2):
ABNORMAL_TERMINATION_IN_LNSRCH.

Increase the number of iterations (max_iter) or scale the data as shown in:
    https://scikit-learn.org/stable/modules/preprocessing.html
  self.n_iter_ = _check_optimize_result("lbfgs", opt_res, self.max_iter)
/softs/python/3.8.5/lib/python3.8/site-packages/sklearn/neural_network/_multilayer_perceptron.py:471: ConvergenceWarning: lbfgs failed to converge (status=2):
ABNORMAL_TERMINATION_IN_LNSRCH.

Increase the number of iterations (max_iter) or scale the data as shown in:
    https://scikit-learn.org/stable/modules/preprocessing.html
  self.n_iter_ = _check_optimize_result("lbfgs", opt_res, self.max_iter)
{'activation': 'relu', 'hidden_layer_sizes': (1000, 1000, 1000), 'learning_rate': 'constant', 'max_iter': 500, 'solver': 'lbfgs'}
0.7070681483346546
0.9361610945334572
End computation
